Mon Jun 30 22:19:38 BRT 2008  [debug] AvalonLogSystem initialized using logfile 'velocity.log'
Mon Jun 30 22:19:38 BRT 2008   [info] ************************************************************** 
Mon Jun 30 22:19:38 BRT 2008   [info] Starting Jakarta Velocity v1.4
Mon Jun 30 22:19:38 BRT 2008   [info] RuntimeInstance initializing.
Mon Jun 30 22:19:38 BRT 2008   [info] Default Properties File: org\apache\velocity\runtime\defaults\velocity.properties
Mon Jun 30 22:19:38 BRT 2008   [info] Trying to use logger class org.apache.velocity.runtime.log.AvalonLogSystem
Mon Jun 30 22:19:38 BRT 2008   [info] Using logger class org.apache.velocity.runtime.log.AvalonLogSystem
Mon Jun 30 22:19:38 BRT 2008   [info] Default ResourceManager initializing. (class org.apache.velocity.runtime.resource.ResourceManagerImpl)
Mon Jun 30 22:19:38 BRT 2008   [info] Resource Loader Instantiated: org.apache.velocity.runtime.resource.loader.ClasspathResourceLoader
Mon Jun 30 22:19:38 BRT 2008   [info] ClasspathResourceLoader : initialization starting.
Mon Jun 30 22:19:38 BRT 2008   [info] ClasspathResourceLoader : initialization complete.
Mon Jun 30 22:19:38 BRT 2008   [info] Resource Loader Instantiated: org.apache.velocity.tools.view.servlet.WebappLoader
Mon Jun 30 22:19:38 BRT 2008   [info] WebappLoader : initialization starting.
Mon Jun 30 22:19:38 BRT 2008   [info] WebappLoader : initialization complete.
Mon Jun 30 22:19:38 BRT 2008   [info] ResourceCache : initialized. (class org.apache.velocity.runtime.resource.ResourceCacheImpl)
Mon Jun 30 22:19:38 BRT 2008   [info] Default ResourceManager initialization complete.
Mon Jun 30 22:19:38 BRT 2008   [info] Loaded System Directive: org.apache.velocity.runtime.directive.Literal
Mon Jun 30 22:19:38 BRT 2008   [info] Loaded System Directive: org.apache.velocity.runtime.directive.Macro
Mon Jun 30 22:19:38 BRT 2008   [info] Loaded System Directive: org.apache.velocity.runtime.directive.Parse
Mon Jun 30 22:19:38 BRT 2008   [info] Loaded System Directive: org.apache.velocity.runtime.directive.Include
Mon Jun 30 22:19:38 BRT 2008   [info] Loaded System Directive: org.apache.velocity.runtime.directive.Foreach
Mon Jun 30 22:19:38 BRT 2008   [info] Loaded User Directive: net.sf.navigator.displayer.LocalDirective
Mon Jun 30 22:19:38 BRT 2008   [info] Created: 20 parsers.
Mon Jun 30 22:19:38 BRT 2008   [info] Velocimacro : initialization starting.
Mon Jun 30 22:19:38 BRT 2008   [info] Velocimacro : adding VMs from VM library template : net/sf/navigator/displayer/globalMacros.vm
Mon Jun 30 22:19:38 BRT 2008   [info] Velocimacro : added new VM : #eval( _macro ) : source = net/sf/navigator/displayer/globalMacros.vm
Mon Jun 30 22:19:38 BRT 2008   [info] Velocimacro : added new VM : #displayMenu( menu level ) : source = net/sf/navigator/displayer/globalMacros.vm
Mon Jun 30 22:19:38 BRT 2008   [info] ResourceManager : found net/sf/navigator/displayer/globalMacros.vm with loader org.apache.velocity.runtime.resource.loader.ClasspathResourceLoader
Mon Jun 30 22:19:38 BRT 2008   [info] Velocimacro :  VM library template macro registration complete.
Mon Jun 30 22:19:38 BRT 2008   [info] Velocimacro : adding VMs from VM library template : menuMacros.vm
Mon Jun 30 22:19:38 BRT 2008  [error] ResourceManager : unable to find resource 'menuMacros.vm' in any resource loader.
Mon Jun 30 22:19:38 BRT 2008   [info] Velocimacro : error using  VM library template menuMacros.vm : org.apache.velocity.exception.ResourceNotFoundException: Unable to find resource 'menuMacros.vm'
Mon Jun 30 22:19:38 BRT 2008   [info] Velocimacro :  VM library template macro registration complete.
Mon Jun 30 22:19:38 BRT 2008   [info] Velocimacro : allowInline = true : VMs can be defined inline in templates
Mon Jun 30 22:19:38 BRT 2008   [info] Velocimacro : allowInlineToOverride = true : VMs defined inline may replace previous VM definitions
Mon Jun 30 22:19:38 BRT 2008   [info] Velocimacro : allowInlineLocal = false : VMs defined inline will be  global in scope if allowed.
Mon Jun 30 22:19:38 BRT 2008   [info] Velocimacro : messages on  : VM system will output logging messages
Mon Jun 30 22:19:38 BRT 2008   [info] Velocimacro : autoload on  : VM system will automatically reload global library macros
Mon Jun 30 22:19:38 BRT 2008   [info] Velocimacro : initialization complete.
Mon Jun 30 22:19:38 BRT 2008   [info] Velocity successfully started.
Mon Jun 30 22:19:47 BRT 2008   [info] Velocimacro : added new VM : #displayCssMenu( menu ) : source = cssHorizontalMenu.vm
Mon Jun 30 22:19:47 BRT 2008  [error] VM #displayCssMenu: error : too few arguments to macro. Wanted 1 got 0
Mon Jun 30 22:19:47 BRT 2008   [info] ResourceManager : found cssHorizontalMenu.vm with loader org.apache.velocity.runtime.resource.loader.ClasspathResourceLoader
Mon Jun 30 22:19:47 BRT 2008  [error] Left side ($count) of addition operation has null value. Operation not possible. cssHorizontalMenu.vm [line 2, column 28]
Mon Jun 30 22:19:47 BRT 2008  [error] RHS of #set statement is null. Context will not be modified. cssHorizontalMenu.vm [line 2, column 1]
Mon Jun 30 22:19:47 BRT 2008  [error] Left side ($count) of '==' operation has null value. If a reference, it may not be in the context. Operation not possible. cssHorizontalMenu.vm [line 9, column 23]
Mon Jun 30 22:19:47 BRT 2008  [error] Left side ($count) of '==' operation has null value. If a reference, it may not be in the context. Operation not possible. cssHorizontalMenu.vm [line 55, column 21]
Mon Jun 30 22:19:47 BRT 2008  [error] Left side ($count) of addition operation has null value. Operation not possible. cssHorizontalMenu.vm [line 2, column 28]
Mon Jun 30 22:19:47 BRT 2008  [error] RHS of #set statement is null. Context will not be modified. cssHorizontalMenu.vm [line 2, column 1]
Mon Jun 30 22:19:47 BRT 2008  [error] Left side ($count) of '==' operation has null value. If a reference, it may not be in the context. Operation not possible. cssHorizontalMenu.vm [line 9, column 23]
Mon Jun 30 22:19:47 BRT 2008  [error] Left side ($count) of '==' operation has null value. If a reference, it may not be in the context. Operation not possible. cssHorizontalMenu.vm [line 55, column 21]
Mon Jun 30 22:19:47 BRT 2008  [error] Left side ($count) of addition operation has null value. Operation not possible. cssHorizontalMenu.vm [line 2, column 28]
Mon Jun 30 22:19:47 BRT 2008  [error] RHS of #set statement is null. Context will not be modified. cssHorizontalMenu.vm [line 2, column 1]
Mon Jun 30 22:19:47 BRT 2008  [error] Left side ($count) of addition operation has null value. Operation not possible. cssHorizontalMenu.vm [line 2, column 28]
Mon Jun 30 22:19:47 BRT 2008  [error] RHS of #set statement is null. Context will not be modified. cssHorizontalMenu.vm [line 2, column 1]
Mon Jun 30 22:19:47 BRT 2008  [error] Left side ($count) of '==' operation has null value. If a reference, it may not be in the context. Operation not possible. cssHorizontalMenu.vm [line 9, column 23]
Mon Jun 30 22:19:47 BRT 2008  [error] Left side ($count) of '==' operation has null value. If a reference, it may not be in the context. Operation not possible. cssHorizontalMenu.vm [line 55, column 21]
Mon Jun 30 22:19:47 BRT 2008  [error] Left side ($count) of addition operation has null value. Operation not possible. cssHorizontalMenu.vm [line 2, column 28]
Mon Jun 30 22:19:47 BRT 2008  [error] RHS of #set statement is null. Context will not be modified. cssHorizontalMenu.vm [line 2, column 1]
Mon Jun 30 22:19:47 BRT 2008  [error] Left side ($count) of '==' operation has null value. If a reference, it may not be in the context. Operation not possible. cssHorizontalMenu.vm [line 9, column 23]
Mon Jun 30 22:19:47 BRT 2008  [error] Left side ($count) of '==' operation has null value. If a reference, it may not be in the context. Operation not possible. cssHorizontalMenu.vm [line 55, column 21]
Mon Jun 30 22:19:47 BRT 2008  [error] Left side ($count) of addition operation has null value. Operation not possible. cssHorizontalMenu.vm [line 2, column 28]
Mon Jun 30 22:19:47 BRT 2008  [error] RHS of #set statement is null. Context will not be modified. cssHorizontalMenu.vm [line 2, column 1]
Mon Jun 30 22:19:47 BRT 2008  [error] Left side ($count) of '==' operation has null value. If a reference, it may not be in the context. Operation not possible. cssHorizontalMenu.vm [line 9, column 23]
Mon Jun 30 22:19:47 BRT 2008  [error] Left side ($count) of '==' operation has null value. If a reference, it may not be in the context. Operation not possible. cssHorizontalMenu.vm [line 55, column 21]
Mon Jun 30 22:19:47 BRT 2008  [error] Left side ($count) of addition operation has null value. Operation not possible. cssHorizontalMenu.vm [line 2, column 28]
Mon Jun 30 22:19:47 BRT 2008  [error] RHS of #set statement is null. Context will not be modified. cssHorizontalMenu.vm [line 2, column 1]
Mon Jun 30 22:19:47 BRT 2008  [error] Left side ($count) of addition operation has null value. Operation not possible. cssHorizontalMenu.vm [line 2, column 28]
Mon Jun 30 22:19:47 BRT 2008  [error] RHS of #set statement is null. Context will not be modified. cssHorizontalMenu.vm [line 2, column 1]
Mon Jun 30 22:19:47 BRT 2008  [error] Left side ($count) of '==' operation has null value. If a reference, it may not be in the context. Operation not possible. cssHorizontalMenu.vm [line 9, column 23]
Mon Jun 30 22:19:47 BRT 2008  [error] Left side ($count) of '==' operation has null value. If a reference, it may not be in the context. Operation not possible. cssHorizontalMenu.vm [line 55, column 21]
Mon Jun 30 22:19:51 BRT 2008  [error] Left side ($count) of addition operation has null value. Operation not possible. cssHorizontalMenu.vm [line 2, column 28]
Mon Jun 30 22:19:51 BRT 2008  [error] RHS of #set statement is null. Context will not be modified. cssHorizontalMenu.vm [line 2, column 1]
Mon Jun 30 22:19:51 BRT 2008  [error] Left side ($count) of '==' operation has null value. If a reference, it may not be in the context. Operation not possible. cssHorizontalMenu.vm [line 9, column 23]
Mon Jun 30 22:19:51 BRT 2008  [error] Left side ($count) of '==' operation has null value. If a reference, it may not be in the context. Operation not possible. cssHorizontalMenu.vm [line 55, column 21]
Mon Jun 30 22:19:51 BRT 2008  [error] Left side ($count) of addition operation has null value. Operation not possible. cssHorizontalMenu.vm [line 2, column 28]
Mon Jun 30 22:19:51 BRT 2008  [error] RHS of #set statement is null. Context will not be modified. cssHorizontalMenu.vm [line 2, column 1]
Mon Jun 30 22:19:51 BRT 2008  [error] Left side ($count) of '==' operation has null value. If a reference, it may not be in the context. Operation not possible. cssHorizontalMenu.vm [line 9, column 23]
Mon Jun 30 22:19:51 BRT 2008  [error] Left side ($count) of '==' operation has null value. If a reference, it may not be in the context. Operation not possible. cssHorizontalMenu.vm [line 55, column 21]
Mon Jun 30 22:19:51 BRT 2008  [error] Left side ($count) of addition operation has null value. Operation not possible. cssHorizontalMenu.vm [line 2, column 28]
Mon Jun 30 22:19:51 BRT 2008  [error] RHS of #set statement is null. Context will not be modified. cssHorizontalMenu.vm [line 2, column 1]
Mon Jun 30 22:19:51 BRT 2008  [error] Left side ($count) of '==' operation has null value. If a reference, it may not be in the context. Operation not possible. cssHorizontalMenu.vm [line 9, column 23]
Mon Jun 30 22:19:51 BRT 2008  [error] Left side ($count) of '==' operation has null value. If a reference, it may not be in the context. Operation not possible. cssHorizontalMenu.vm [line 55, column 21]
Mon Jun 30 22:19:51 BRT 2008  [error] Left side ($count) of addition operation has null value. Operation not possible. cssHorizontalMenu.vm [line 2, column 28]
Mon Jun 30 22:19:51 BRT 2008  [error] RHS of #set statement is null. Context will not be modified. cssHorizontalMenu.vm [line 2, column 1]
Mon Jun 30 22:19:51 BRT 2008  [error] Left side ($count) of '==' operation has null value. If a reference, it may not be in the context. Operation not possible. cssHorizontalMenu.vm [line 9, column 23]
Mon Jun 30 22:19:51 BRT 2008  [error] Left side ($count) of '==' operation has null value. If a reference, it may not be in the context. Operation not possible. cssHorizontalMenu.vm [line 55, column 21]
Mon Jun 30 22:19:51 BRT 2008  [error] Left side ($count) of addition operation has null value. Operation not possible. cssHorizontalMenu.vm [line 2, column 28]
Mon Jun 30 22:19:51 BRT 2008  [error] RHS of #set statement is null. Context will not be modified. cssHorizontalMenu.vm [line 2, column 1]
Mon Jun 30 22:19:51 BRT 2008  [error] Left side ($count) of '==' operation has null value. If a reference, it may not be in the context. Operation not possible. cssHorizontalMenu.vm [line 9, column 23]
Mon Jun 30 22:19:51 BRT 2008  [error] Left side ($count) of '==' operation has null value. If a reference, it may not be in the context. Operation not possible. cssHorizontalMenu.vm [line 55, column 21]
Mon Jun 30 22:19:51 BRT 2008  [error] Left side ($count) of addition operation has null value. Operation not possible. cssHorizontalMenu.vm [line 2, column 28]
Mon Jun 30 22:19:51 BRT 2008  [error] RHS of #set statement is null. Context will not be modified. cssHorizontalMenu.vm [line 2, column 1]
Mon Jun 30 22:19:51 BRT 2008  [error] Left side ($count) of addition operation has null value. Operation not possible. cssHorizontalMenu.vm [line 2, column 28]
Mon Jun 30 22:19:51 BRT 2008  [error] RHS of #set statement is null. Context will not be modified. cssHorizontalMenu.vm [line 2, column 1]
Mon Jun 30 22:19:51 BRT 2008  [error] Left side ($count) of '==' operation has null value. If a reference, it may not be in the context. Operation not possible. cssHorizontalMenu.vm [line 9, column 23]
Mon Jun 30 22:19:51 BRT 2008  [error] Left side ($count) of '==' operation has null value. If a reference, it may not be in the context. Operation not possible. cssHorizontalMenu.vm [line 55, column 21]
Mon Jun 30 22:19:52 BRT 2008  [error] Left side ($count) of addition operation has null value. Operation not possible. cssHorizontalMenu.vm [line 2, column 28]
Mon Jun 30 22:19:52 BRT 2008  [error] RHS of #set statement is null. Context will not be modified. cssHorizontalMenu.vm [line 2, column 1]
Mon Jun 30 22:19:52 BRT 2008  [error] Left side ($count) of '==' operation has null value. If a reference, it may not be in the context. Operation not possible. cssHorizontalMenu.vm [line 9, column 23]
Mon Jun 30 22:19:52 BRT 2008  [error] Left side ($count) of '==' operation has null value. If a reference, it may not be in the context. Operation not possible. cssHorizontalMenu.vm [line 55, column 21]
Mon Jun 30 22:19:52 BRT 2008  [error] Left side ($count) of addition operation has null value. Operation not possible. cssHorizontalMenu.vm [line 2, column 28]
Mon Jun 30 22:19:52 BRT 2008  [error] RHS of #set statement is null. Context will not be modified. cssHorizontalMenu.vm [line 2, column 1]
Mon Jun 30 22:19:52 BRT 2008  [error] Left side ($count) of '==' operation has null value. If a reference, it may not be in the context. Operation not possible. cssHorizontalMenu.vm [line 9, column 23]
Mon Jun 30 22:19:52 BRT 2008  [error] Left side ($count) of '==' operation has null value. If a reference, it may not be in the context. Operation not possible. cssHorizontalMenu.vm [line 55, column 21]
Mon Jun 30 22:19:52 BRT 2008  [error] Left side ($count) of addition operation has null value. Operation not possible. cssHorizontalMenu.vm [line 2, column 28]
Mon Jun 30 22:19:52 BRT 2008  [error] RHS of #set statement is null. Context will not be modified. cssHorizontalMenu.vm [line 2, column 1]
Mon Jun 30 22:19:52 BRT 2008  [error] Left side ($count) of addition operation has null value. Operation not possible. cssHorizontalMenu.vm [line 2, column 28]
Mon Jun 30 22:19:52 BRT 2008  [error] RHS of #set statement is null. Context will not be modified. cssHorizontalMenu.vm [line 2, column 1]
Mon Jun 30 22:19:52 BRT 2008  [error] Left side ($count) of '==' operation has null value. If a reference, it may not be in the context. Operation not possible. cssHorizontalMenu.vm [line 9, column 23]
Mon Jun 30 22:19:52 BRT 2008  [error] Left side ($count) of '==' operation has null value. If a reference, it may not be in the context. Operation not possible. cssHorizontalMenu.vm [line 55, column 21]
Mon Jun 30 22:19:53 BRT 2008  [error] Left side ($count) of addition operation has null value. Operation not possible. cssHorizontalMenu.vm [line 2, column 28]
Mon Jun 30 22:19:53 BRT 2008  [error] RHS of #set statement is null. Context will not be modified. cssHorizontalMenu.vm [line 2, column 1]
Mon Jun 30 22:19:53 BRT 2008  [error] Left side ($count) of '==' operation has null value. If a reference, it may not be in the context. Operation not possible. cssHorizontalMenu.vm [line 9, column 23]
Mon Jun 30 22:19:53 BRT 2008  [error] Left side ($count) of '==' operation has null value. If a reference, it may not be in the context. Operation not possible. cssHorizontalMenu.vm [line 55, column 21]
Mon Jun 30 22:19:53 BRT 2008  [error] Left side ($count) of addition operation has null value. Operation not possible. cssHorizontalMenu.vm [line 2, column 28]
Mon Jun 30 22:19:53 BRT 2008  [error] RHS of #set statement is null. Context will not be modified. cssHorizontalMenu.vm [line 2, column 1]
Mon Jun 30 22:19:53 BRT 2008  [error] Left side ($count) of '==' operation has null value. If a reference, it may not be in the context. Operation not possible. cssHorizontalMenu.vm [line 9, column 23]
Mon Jun 30 22:19:53 BRT 2008  [error] Left side ($count) of '==' operation has null value. If a reference, it may not be in the context. Operation not possible. cssHorizontalMenu.vm [line 55, column 21]
Mon Jun 30 22:19:53 BRT 2008  [error] Left side ($count) of addition operation has null value. Operation not possible. cssHorizontalMenu.vm [line 2, column 28]
Mon Jun 30 22:19:53 BRT 2008  [error] RHS of #set statement is null. Context will not be modified. cssHorizontalMenu.vm [line 2, column 1]
Mon Jun 30 22:19:53 BRT 2008  [error] Left side ($count) of addition operation has null value. Operation not possible. cssHorizontalMenu.vm [line 2, column 28]
Mon Jun 30 22:19:53 BRT 2008  [error] RHS of #set statement is null. Context will not be modified. cssHorizontalMenu.vm [line 2, column 1]
Mon Jun 30 22:19:53 BRT 2008  [error] Left side ($count) of '==' operation has null value. If a reference, it may not be in the context. Operation not possible. cssHorizontalMenu.vm [line 9, column 23]
Mon Jun 30 22:19:53 BRT 2008  [error] Left side ($count) of '==' operation has null value. If a reference, it may not be in the context. Operation not possible. cssHorizontalMenu.vm [line 55, column 21]
Mon Jun 30 22:19:53 BRT 2008  [error] Left side ($count) of addition operation has null value. Operation not possible. cssHorizontalMenu.vm [line 2, column 28]
Mon Jun 30 22:19:53 BRT 2008  [error] RHS of #set statement is null. Context will not be modified. cssHorizontalMenu.vm [line 2, column 1]
Mon Jun 30 22:19:53 BRT 2008  [error] Left side ($count) of '==' operation has null value. If a reference, it may not be in the context. Operation not possible. cssHorizontalMenu.vm [line 9, column 23]
Mon Jun 30 22:19:53 BRT 2008  [error] Left side ($count) of '==' operation has null value. If a reference, it may not be in the context. Operation not possible. cssHorizontalMenu.vm [line 55, column 21]
Mon Jun 30 22:19:53 BRT 2008  [error] Left side ($count) of addition operation has null value. Operation not possible. cssHorizontalMenu.vm [line 2, column 28]
Mon Jun 30 22:19:53 BRT 2008  [error] RHS of #set statement is null. Context will not be modified. cssHorizontalMenu.vm [line 2, column 1]
Mon Jun 30 22:19:53 BRT 2008  [error] Left side ($count) of '==' operation has null value. If a reference, it may not be in the context. Operation not possible. cssHorizontalMenu.vm [line 9, column 23]
Mon Jun 30 22:19:53 BRT 2008  [error] Left side ($count) of '==' operation has null value. If a reference, it may not be in the context. Operation not possible. cssHorizontalMenu.vm [line 55, column 21]
Mon Jun 30 22:19:53 BRT 2008  [error] Left side ($count) of addition operation has null value. Operation not possible. cssHorizontalMenu.vm [line 2, column 28]
Mon Jun 30 22:19:53 BRT 2008  [error] RHS of #set statement is null. Context will not be modified. cssHorizontalMenu.vm [line 2, column 1]
Mon Jun 30 22:19:53 BRT 2008  [error] Left side ($count) of addition operation has null value. Operation not possible. cssHorizontalMenu.vm [line 2, column 28]
Mon Jun 30 22:19:53 BRT 2008  [error] RHS of #set statement is null. Context will not be modified. cssHorizontalMenu.vm [line 2, column 1]
Mon Jun 30 22:19:53 BRT 2008  [error] Left side ($count) of '==' operation has null value. If a reference, it may not be in the context. Operation not possible. cssHorizontalMenu.vm [line 9, column 23]
Mon Jun 30 22:19:53 BRT 2008  [error] Left side ($count) of '==' operation has null value. If a reference, it may not be in the context. Operation not possible. cssHorizontalMenu.vm [line 55, column 21]
Mon Jun 30 22:19:54 BRT 2008   [info] Velocimacro : added new VM : #displayCssMenu( menu ) : source = cssVerticalMenu.vm
Mon Jun 30 22:19:54 BRT 2008   [info] ResourceManager : found cssVerticalMenu.vm with loader org.apache.velocity.runtime.resource.loader.ClasspathResourceLoader
Mon Jun 30 22:19:54 BRT 2008  [error] Left side ($count) of addition operation has null value. Operation not possible. cssHorizontalMenu.vm [line 2, column 28]
Mon Jun 30 22:19:54 BRT 2008  [error] RHS of #set statement is null. Context will not be modified. cssHorizontalMenu.vm [line 2, column 1]
Mon Jun 30 22:19:54 BRT 2008  [error] Left side ($count) of '==' operation has null value. If a reference, it may not be in the context. Operation not possible. cssHorizontalMenu.vm [line 9, column 23]
Mon Jun 30 22:19:54 BRT 2008  [error] Left side ($count) of '==' operation has null value. If a reference, it may not be in the context. Operation not possible. cssHorizontalMenu.vm [line 55, column 21]
Mon Jun 30 22:19:54 BRT 2008  [error] Left side ($count) of addition operation has null value. Operation not possible. cssHorizontalMenu.vm [line 2, column 28]
Mon Jun 30 22:19:54 BRT 2008  [error] RHS of #set statement is null. Context will not be modified. cssHorizontalMenu.vm [line 2, column 1]
Mon Jun 30 22:19:54 BRT 2008  [error] Left side ($count) of '==' operation has null value. If a reference, it may not be in the context. Operation not possible. cssHorizontalMenu.vm [line 9, column 23]
Mon Jun 30 22:19:54 BRT 2008  [error] Left side ($count) of '==' operation has null value. If a reference, it may not be in the context. Operation not possible. cssHorizontalMenu.vm [line 55, column 21]
Mon Jun 30 22:19:54 BRT 2008  [error] Left side ($count) of addition operation has null value. Operation not possible. cssHorizontalMenu.vm [line 2, column 28]
Mon Jun 30 22:19:54 BRT 2008  [error] RHS of #set statement is null. Context will not be modified. cssHorizontalMenu.vm [line 2, column 1]
Mon Jun 30 22:19:54 BRT 2008  [error] Left side ($count) of addition operation has null value. Operation not possible. cssHorizontalMenu.vm [line 2, column 28]
Mon Jun 30 22:19:54 BRT 2008  [error] RHS of #set statement is null. Context will not be modified. cssHorizontalMenu.vm [line 2, column 1]
Mon Jun 30 22:19:54 BRT 2008  [error] Left side ($count) of '==' operation has null value. If a reference, it may not be in the context. Operation not possible. cssHorizontalMenu.vm [line 9, column 23]
Mon Jun 30 22:19:54 BRT 2008  [error] Left side ($count) of '==' operation has null value. If a reference, it may not be in the context. Operation not possible. cssHorizontalMenu.vm [line 55, column 21]
Mon Jun 30 22:19:54 BRT 2008  [error] Left side ($count) of addition operation has null value. Operation not possible. cssHorizontalMenu.vm [line 2, column 28]
Mon Jun 30 22:19:54 BRT 2008  [error] RHS of #set statement is null. Context will not be modified. cssHorizontalMenu.vm [line 2, column 1]
Mon Jun 30 22:19:54 BRT 2008  [error] Left side ($count) of '==' operation has null value. If a reference, it may not be in the context. Operation not possible. cssHorizontalMenu.vm [line 9, column 23]
Mon Jun 30 22:19:54 BRT 2008  [error] Left side ($count) of '==' operation has null value. If a reference, it may not be in the context. Operation not possible. cssHorizontalMenu.vm [line 55, column 21]
Mon Jun 30 22:19:54 BRT 2008  [error] Left side ($count) of addition operation has null value. Operation not possible. cssHorizontalMenu.vm [line 2, column 28]
Mon Jun 30 22:19:54 BRT 2008  [error] RHS of #set statement is null. Context will not be modified. cssHorizontalMenu.vm [line 2, column 1]
Mon Jun 30 22:19:54 BRT 2008  [error] Left side ($count) of '==' operation has null value. If a reference, it may not be in the context. Operation not possible. cssHorizontalMenu.vm [line 9, column 23]
Mon Jun 30 22:19:54 BRT 2008  [error] Left side ($count) of '==' operation has null value. If a reference, it may not be in the context. Operation not possible. cssHorizontalMenu.vm [line 55, column 21]
Mon Jun 30 22:19:54 BRT 2008  [error] Left side ($count) of addition operation has null value. Operation not possible. cssHorizontalMenu.vm [line 2, column 28]
Mon Jun 30 22:19:54 BRT 2008  [error] RHS of #set statement is null. Context will not be modified. cssHorizontalMenu.vm [line 2, column 1]
Mon Jun 30 22:19:54 BRT 2008  [error] Left side ($count) of addition operation has null value. Operation not possible. cssHorizontalMenu.vm [line 2, column 28]
Mon Jun 30 22:19:54 BRT 2008  [error] RHS of #set statement is null. Context will not be modified. cssHorizontalMenu.vm [line 2, column 1]
Mon Jun 30 22:19:54 BRT 2008  [error] Left side ($count) of '==' operation has null value. If a reference, it may not be in the context. Operation not possible. cssHorizontalMenu.vm [line 9, column 23]
Mon Jun 30 22:19:54 BRT 2008  [error] Left side ($count) of '==' operation has null value. If a reference, it may not be in the context. Operation not possible. cssHorizontalMenu.vm [line 55, column 21]
Mon Jun 30 22:19:54 BRT 2008  [error] Left side ($count) of addition operation has null value. Operation not possible. cssHorizontalMenu.vm [line 2, column 28]
Mon Jun 30 22:19:54 BRT 2008  [error] RHS of #set statement is null. Context will not be modified. cssHorizontalMenu.vm [line 2, column 1]
Mon Jun 30 22:19:54 BRT 2008  [error] Left side ($count) of '==' operation has null value. If a reference, it may not be in the context. Operation not possible. cssHorizontalMenu.vm [line 9, column 23]
Mon Jun 30 22:19:54 BRT 2008  [error] Left side ($count) of '==' operation has null value. If a reference, it may not be in the context. Operation not possible. cssHorizontalMenu.vm [line 55, column 21]
Mon Jun 30 22:19:54 BRT 2008  [error] Left side ($count) of addition operation has null value. Operation not possible. cssHorizontalMenu.vm [line 2, column 28]
Mon Jun 30 22:19:54 BRT 2008  [error] RHS of #set statement is null. Context will not be modified. cssHorizontalMenu.vm [line 2, column 1]
Mon Jun 30 22:19:54 BRT 2008  [error] Left side ($count) of '==' operation has null value. If a reference, it may not be in the context. Operation not possible. cssHorizontalMenu.vm [line 9, column 23]
Mon Jun 30 22:19:54 BRT 2008  [error] Left side ($count) of '==' operation has null value. If a reference, it may not be in the context. Operation not possible. cssHorizontalMenu.vm [line 55, column 21]
Mon Jun 30 22:19:54 BRT 2008  [error] Left side ($count) of addition operation has null value. Operation not possible. cssHorizontalMenu.vm [line 2, column 28]
Mon Jun 30 22:19:54 BRT 2008  [error] RHS of #set statement is null. Context will not be modified. cssHorizontalMenu.vm [line 2, column 1]
Mon Jun 30 22:19:54 BRT 2008  [error] Left side ($count) of addition operation has null value. Operation not possible. cssHorizontalMenu.vm [line 2, column 28]
Mon Jun 30 22:19:54 BRT 2008  [error] RHS of #set statement is null. Context will not be modified. cssHorizontalMenu.vm [line 2, column 1]
Mon Jun 30 22:19:54 BRT 2008  [error] Left side ($count) of '==' operation has null value. If a reference, it may not be in the context. Operation not possible. cssHorizontalMenu.vm [line 9, column 23]
Mon Jun 30 22:19:54 BRT 2008  [error] Left side ($count) of '==' operation has null value. If a reference, it may not be in the context. Operation not possible. cssHorizontalMenu.vm [line 55, column 21]
Mon Jun 30 22:19:55 BRT 2008  [error] Left side ($count) of addition operation has null value. Operation not possible. cssHorizontalMenu.vm [line 2, column 28]
Mon Jun 30 22:19:55 BRT 2008  [error] RHS of #set statement is null. Context will not be modified. cssHorizontalMenu.vm [line 2, column 1]
Mon Jun 30 22:19:55 BRT 2008  [error] Left side ($count) of '==' operation has null value. If a reference, it may not be in the context. Operation not possible. cssHorizontalMenu.vm [line 9, column 23]
Mon Jun 30 22:19:55 BRT 2008  [error] Left side ($count) of '==' operation has null value. If a reference, it may not be in the context. Operation not possible. cssHorizontalMenu.vm [line 55, column 21]
Mon Jun 30 22:19:55 BRT 2008  [error] Left side ($count) of addition operation has null value. Operation not possible. cssHorizontalMenu.vm [line 2, column 28]
Mon Jun 30 22:19:55 BRT 2008  [error] RHS of #set statement is null. Context will not be modified. cssHorizontalMenu.vm [line 2, column 1]
Mon Jun 30 22:19:55 BRT 2008  [error] Left side ($count) of '==' operation has null value. If a reference, it may not be in the context. Operation not possible. cssHorizontalMenu.vm [line 9, column 23]
Mon Jun 30 22:19:55 BRT 2008  [error] Left side ($count) of '==' operation has null value. If a reference, it may not be in the context. Operation not possible. cssHorizontalMenu.vm [line 55, column 21]
Mon Jun 30 22:19:55 BRT 2008  [error] Left side ($count) of addition operation has null value. Operation not possible. cssHorizontalMenu.vm [line 2, column 28]
Mon Jun 30 22:19:55 BRT 2008  [error] RHS of #set statement is null. Context will not be modified. cssHorizontalMenu.vm [line 2, column 1]
Mon Jun 30 22:19:55 BRT 2008  [error] Left side ($count) of addition operation has null value. Operation not possible. cssHorizontalMenu.vm [line 2, column 28]
Mon Jun 30 22:19:55 BRT 2008  [error] RHS of #set statement is null. Context will not be modified. cssHorizontalMenu.vm [line 2, column 1]
Mon Jun 30 22:19:55 BRT 2008  [error] Left side ($count) of '==' operation has null value. If a reference, it may not be in the context. Operation not possible. cssHorizontalMenu.vm [line 9, column 23]
Mon Jun 30 22:19:55 BRT 2008  [error] Left side ($count) of '==' operation has null value. If a reference, it may not be in the context. Operation not possible. cssHorizontalMenu.vm [line 55, column 21]
Mon Jun 30 22:19:55 BRT 2008  [error] Left side ($count) of addition operation has null value. Operation not possible. cssHorizontalMenu.vm [line 2, column 28]
Mon Jun 30 22:19:55 BRT 2008  [error] RHS of #set statement is null. Context will not be modified. cssHorizontalMenu.vm [line 2, column 1]
Mon Jun 30 22:19:55 BRT 2008  [error] Left side ($count) of '==' operation has null value. If a reference, it may not be in the context. Operation not possible. cssHorizontalMenu.vm [line 9, column 23]
Mon Jun 30 22:19:55 BRT 2008  [error] Left side ($count) of '==' operation has null value. If a reference, it may not be in the context. Operation not possible. cssHorizontalMenu.vm [line 55, column 21]
Mon Jun 30 22:19:55 BRT 2008  [error] Left side ($count) of addition operation has null value. Operation not possible. cssHorizontalMenu.vm [line 2, column 28]
Mon Jun 30 22:19:55 BRT 2008  [error] RHS of #set statement is null. Context will not be modified. cssHorizontalMenu.vm [line 2, column 1]
Mon Jun 30 22:19:55 BRT 2008  [error] Left side ($count) of '==' operation has null value. If a reference, it may not be in the context. Operation not possible. cssHorizontalMenu.vm [line 9, column 23]
Mon Jun 30 22:19:55 BRT 2008  [error] Left side ($count) of '==' operation has null value. If a reference, it may not be in the context. Operation not possible. cssHorizontalMenu.vm [line 55, column 21]
Mon Jun 30 22:19:55 BRT 2008  [error] Left side ($count) of addition operation has null value. Operation not possible. cssHorizontalMenu.vm [line 2, column 28]
Mon Jun 30 22:19:55 BRT 2008  [error] RHS of #set statement is null. Context will not be modified. cssHorizontalMenu.vm [line 2, column 1]
Mon Jun 30 22:19:55 BRT 2008  [error] Left side ($count) of addition operation has null value. Operation not possible. cssHorizontalMenu.vm [line 2, column 28]
Mon Jun 30 22:19:55 BRT 2008  [error] RHS of #set statement is null. Context will not be modified. cssHorizontalMenu.vm [line 2, column 1]
Mon Jun 30 22:19:55 BRT 2008  [error] Left side ($count) of '==' operation has null value. If a reference, it may not be in the context. Operation not possible. cssHorizontalMenu.vm [line 9, column 23]
Mon Jun 30 22:19:55 BRT 2008  [error] Left side ($count) of '==' operation has null value. If a reference, it may not be in the context. Operation not possible. cssHorizontalMenu.vm [line 55, column 21]
Mon Jun 30 22:19:56 BRT 2008  [error] Left side ($count) of addition operation has null value. Operation not possible. cssHorizontalMenu.vm [line 2, column 28]
Mon Jun 30 22:19:56 BRT 2008  [error] RHS of #set statement is null. Context will not be modified. cssHorizontalMenu.vm [line 2, column 1]
Mon Jun 30 22:19:56 BRT 2008  [error] Left side ($count) of '==' operation has null value. If a reference, it may not be in the context. Operation not possible. cssHorizontalMenu.vm [line 9, column 23]
Mon Jun 30 22:19:56 BRT 2008  [error] Left side ($count) of '==' operation has null value. If a reference, it may not be in the context. Operation not possible. cssHorizontalMenu.vm [line 55, column 21]
Mon Jun 30 22:19:56 BRT 2008  [error] Left side ($count) of addition operation has null value. Operation not possible. cssHorizontalMenu.vm [line 2, column 28]
Mon Jun 30 22:19:56 BRT 2008  [error] RHS of #set statement is null. Context will not be modified. cssHorizontalMenu.vm [line 2, column 1]
Mon Jun 30 22:19:56 BRT 2008  [error] Left side ($count) of '==' operation has null value. If a reference, it may not be in the context. Operation not possible. cssHorizontalMenu.vm [line 9, column 23]
Mon Jun 30 22:19:56 BRT 2008  [error] Left side ($count) of '==' operation has null value. If a reference, it may not be in the context. Operation not possible. cssHorizontalMenu.vm [line 55, column 21]
Mon Jun 30 22:19:56 BRT 2008  [error] Left side ($count) of addition operation has null value. Operation not possible. cssHorizontalMenu.vm [line 2, column 28]
Mon Jun 30 22:19:56 BRT 2008  [error] RHS of #set statement is null. Context will not be modified. cssHorizontalMenu.vm [line 2, column 1]
Mon Jun 30 22:19:56 BRT 2008  [error] Left side ($count) of addition operation has null value. Operation not possible. cssHorizontalMenu.vm [line 2, column 28]
Mon Jun 30 22:19:56 BRT 2008  [error] RHS of #set statement is null. Context will not be modified. cssHorizontalMenu.vm [line 2, column 1]
Mon Jun 30 22:19:56 BRT 2008  [error] Left side ($count) of '==' operation has null value. If a reference, it may not be in the context. Operation not possible. cssHorizontalMenu.vm [line 9, column 23]
Mon Jun 30 22:19:56 BRT 2008  [error] Left side ($count) of '==' operation has null value. If a reference, it may not be in the context. Operation not possible. cssHorizontalMenu.vm [line 55, column 21]
Mon Jun 30 22:19:57 BRT 2008  [error] Left side ($count) of addition operation has null value. Operation not possible. cssHorizontalMenu.vm [line 2, column 28]
Mon Jun 30 22:19:57 BRT 2008  [error] RHS of #set statement is null. Context will not be modified. cssHorizontalMenu.vm [line 2, column 1]
Mon Jun 30 22:19:57 BRT 2008  [error] Left side ($count) of '==' operation has null value. If a reference, it may not be in the context. Operation not possible. cssHorizontalMenu.vm [line 9, column 23]
Mon Jun 30 22:19:57 BRT 2008  [error] Left side ($count) of '==' operation has null value. If a reference, it may not be in the context. Operation not possible. cssHorizontalMenu.vm [line 55, column 21]
Mon Jun 30 22:19:57 BRT 2008  [error] Left side ($count) of addition operation has null value. Operation not possible. cssHorizontalMenu.vm [line 2, column 28]
Mon Jun 30 22:19:57 BRT 2008  [error] RHS of #set statement is null. Context will not be modified. cssHorizontalMenu.vm [line 2, column 1]
Mon Jun 30 22:19:57 BRT 2008  [error] Left side ($count) of '==' operation has null value. If a reference, it may not be in the context. Operation not possible. cssHorizontalMenu.vm [line 9, column 23]
Mon Jun 30 22:19:57 BRT 2008  [error] Left side ($count) of '==' operation has null value. If a reference, it may not be in the context. Operation not possible. cssHorizontalMenu.vm [line 55, column 21]
Mon Jun 30 22:19:57 BRT 2008  [error] Left side ($count) of addition operation has null value. Operation not possible. cssHorizontalMenu.vm [line 2, column 28]
Mon Jun 30 22:19:57 BRT 2008  [error] RHS of #set statement is null. Context will not be modified. cssHorizontalMenu.vm [line 2, column 1]
Mon Jun 30 22:19:57 BRT 2008  [error] Left side ($count) of addition operation has null value. Operation not possible. cssHorizontalMenu.vm [line 2, column 28]
Mon Jun 30 22:19:57 BRT 2008  [error] RHS of #set statement is null. Context will not be modified. cssHorizontalMenu.vm [line 2, column 1]
Mon Jun 30 22:19:57 BRT 2008  [error] Left side ($count) of '==' operation has null value. If a reference, it may not be in the context. Operation not possible. cssHorizontalMenu.vm [line 9, column 23]
Mon Jun 30 22:19:57 BRT 2008  [error] Left side ($count) of '==' operation has null value. If a reference, it may not be in the context. Operation not possible. cssHorizontalMenu.vm [line 55, column 21]
Mon Jun 30 22:19:57 BRT 2008  [error] Left side ($count) of addition operation has null value. Operation not possible. cssHorizontalMenu.vm [line 2, column 28]
Mon Jun 30 22:19:57 BRT 2008  [error] RHS of #set statement is null. Context will not be modified. cssHorizontalMenu.vm [line 2, column 1]
Mon Jun 30 22:19:57 BRT 2008  [error] Left side ($count) of '==' operation has null value. If a reference, it may not be in the context. Operation not possible. cssHorizontalMenu.vm [line 9, column 23]
Mon Jun 30 22:19:57 BRT 2008  [error] Left side ($count) of '==' operation has null value. If a reference, it may not be in the context. Operation not possible. cssHorizontalMenu.vm [line 55, column 21]
Mon Jun 30 22:19:57 BRT 2008  [error] Left side ($count) of addition operation has null value. Operation not possible. cssHorizontalMenu.vm [line 2, column 28]
Mon Jun 30 22:19:57 BRT 2008  [error] RHS of #set statement is null. Context will not be modified. cssHorizontalMenu.vm [line 2, column 1]
Mon Jun 30 22:19:57 BRT 2008  [error] Left side ($count) of '==' operation has null value. If a reference, it may not be in the context. Operation not possible. cssHorizontalMenu.vm [line 9, column 23]
Mon Jun 30 22:19:57 BRT 2008  [error] Left side ($count) of '==' operation has null value. If a reference, it may not be in the context. Operation not possible. cssHorizontalMenu.vm [line 55, column 21]
Mon Jun 30 22:19:57 BRT 2008  [error] Left side ($count) of addition operation has null value. Operation not possible. cssHorizontalMenu.vm [line 2, column 28]
Mon Jun 30 22:19:57 BRT 2008  [error] RHS of #set statement is null. Context will not be modified. cssHorizontalMenu.vm [line 2, column 1]
Mon Jun 30 22:19:57 BRT 2008  [error] Left side ($count) of addition operation has null value. Operation not possible. cssHorizontalMenu.vm [line 2, column 28]
Mon Jun 30 22:19:57 BRT 2008  [error] RHS of #set statement is null. Context will not be modified. cssHorizontalMenu.vm [line 2, column 1]
Mon Jun 30 22:19:57 BRT 2008  [error] Left side ($count) of '==' operation has null value. If a reference, it may not be in the context. Operation not possible. cssHorizontalMenu.vm [line 9, column 23]
Mon Jun 30 22:19:57 BRT 2008  [error] Left side ($count) of '==' operation has null value. If a reference, it may not be in the context. Operation not possible. cssHorizontalMenu.vm [line 55, column 21]
Mon Jun 30 22:19:58 BRT 2008  [error] Left side ($count) of addition operation has null value. Operation not possible. cssHorizontalMenu.vm [line 2, column 28]
Mon Jun 30 22:19:58 BRT 2008  [error] RHS of #set statement is null. Context will not be modified. cssHorizontalMenu.vm [line 2, column 1]
Mon Jun 30 22:19:58 BRT 2008  [error] Left side ($count) of '==' operation has null value. If a reference, it may not be in the context. Operation not possible. cssHorizontalMenu.vm [line 9, column 23]
Mon Jun 30 22:19:58 BRT 2008  [error] Left side ($count) of '==' operation has null value. If a reference, it may not be in the context. Operation not possible. cssHorizontalMenu.vm [line 55, column 21]
Mon Jun 30 22:19:58 BRT 2008  [error] Left side ($count) of addition operation has null value. Operation not possible. cssHorizontalMenu.vm [line 2, column 28]
Mon Jun 30 22:19:58 BRT 2008  [error] RHS of #set statement is null. Context will not be modified. cssHorizontalMenu.vm [line 2, column 1]
Mon Jun 30 22:19:58 BRT 2008  [error] Left side ($count) of '==' operation has null value. If a reference, it may not be in the context. Operation not possible. cssHorizontalMenu.vm [line 9, column 23]
Mon Jun 30 22:19:58 BRT 2008  [error] Left side ($count) of '==' operation has null value. If a reference, it may not be in the context. Operation not possible. cssHorizontalMenu.vm [line 55, column 21]
Mon Jun 30 22:19:58 BRT 2008  [error] Left side ($count) of addition operation has null value. Operation not possible. cssHorizontalMenu.vm [line 2, column 28]
Mon Jun 30 22:19:58 BRT 2008  [error] RHS of #set statement is null. Context will not be modified. cssHorizontalMenu.vm [line 2, column 1]
Mon Jun 30 22:19:58 BRT 2008  [error] Left side ($count) of addition operation has null value. Operation not possible. cssHorizontalMenu.vm [line 2, column 28]
Mon Jun 30 22:19:58 BRT 2008  [error] RHS of #set statement is null. Context will not be modified. cssHorizontalMenu.vm [line 2, column 1]
Mon Jun 30 22:19:58 BRT 2008  [error] Left side ($count) of '==' operation has null value. If a reference, it may not be in the context. Operation not possible. cssHorizontalMenu.vm [line 9, column 23]
Mon Jun 30 22:19:58 BRT 2008  [error] Left side ($count) of '==' operation has null value. If a reference, it may not be in the context. Operation not possible. cssHorizontalMenu.vm [line 55, column 21]
Mon Jun 30 22:19:58 BRT 2008  [error] Left side ($count) of addition operation has null value. Operation not possible. cssHorizontalMenu.vm [line 2, column 28]
Mon Jun 30 22:19:58 BRT 2008  [error] RHS of #set statement is null. Context will not be modified. cssHorizontalMenu.vm [line 2, column 1]
Mon Jun 30 22:19:58 BRT 2008  [error] Left side ($count) of '==' operation has null value. If a reference, it may not be in the context. Operation not possible. cssHorizontalMenu.vm [line 9, column 23]
Mon Jun 30 22:19:58 BRT 2008  [error] Left side ($count) of '==' operation has null value. If a reference, it may not be in the context. Operation not possible. cssHorizontalMenu.vm [line 55, column 21]
Mon Jun 30 22:19:58 BRT 2008  [error] Left side ($count) of addition operation has null value. Operation not possible. cssHorizontalMenu.vm [line 2, column 28]
Mon Jun 30 22:19:58 BRT 2008  [error] RHS of #set statement is null. Context will not be modified. cssHorizontalMenu.vm [line 2, column 1]
Mon Jun 30 22:19:58 BRT 2008  [error] Left side ($count) of '==' operation has null value. If a reference, it may not be in the context. Operation not possible. cssHorizontalMenu.vm [line 9, column 23]
Mon Jun 30 22:19:58 BRT 2008  [error] Left side ($count) of '==' operation has null value. If a reference, it may not be in the context. Operation not possible. cssHorizontalMenu.vm [line 55, column 21]
Mon Jun 30 22:19:58 BRT 2008  [error] Left side ($count) of addition operation has null value. Operation not possible. cssHorizontalMenu.vm [line 2, column 28]
Mon Jun 30 22:19:58 BRT 2008  [error] RHS of #set statement is null. Context will not be modified. cssHorizontalMenu.vm [line 2, column 1]
Mon Jun 30 22:19:58 BRT 2008  [error] Left side ($count) of addition operation has null value. Operation not possible. cssHorizontalMenu.vm [line 2, column 28]
Mon Jun 30 22:19:58 BRT 2008  [error] RHS of #set statement is null. Context will not be modified. cssHorizontalMenu.vm [line 2, column 1]
Mon Jun 30 22:19:58 BRT 2008  [error] Left side ($count) of '==' operation has null value. If a reference, it may not be in the context. Operation not possible. cssHorizontalMenu.vm [line 9, column 23]
Mon Jun 30 22:19:58 BRT 2008  [error] Left side ($count) of '==' operation has null value. If a reference, it may not be in the context. Operation not possible. cssHorizontalMenu.vm [line 55, column 21]
Mon Jun 30 22:19:59 BRT 2008  [error] Left side ($count) of addition operation has null value. Operation not possible. cssHorizontalMenu.vm [line 2, column 28]
Mon Jun 30 22:19:59 BRT 2008  [error] RHS of #set statement is null. Context will not be modified. cssHorizontalMenu.vm [line 2, column 1]
Mon Jun 30 22:19:59 BRT 2008  [error] Left side ($count) of '==' operation has null value. If a reference, it may not be in the context. Operation not possible. cssHorizontalMenu.vm [line 9, column 23]
Mon Jun 30 22:19:59 BRT 2008  [error] Left side ($count) of '==' operation has null value. If a reference, it may not be in the context. Operation not possible. cssHorizontalMenu.vm [line 55, column 21]
Mon Jun 30 22:19:59 BRT 2008  [error] Left side ($count) of addition operation has null value. Operation not possible. cssHorizontalMenu.vm [line 2, column 28]
Mon Jun 30 22:19:59 BRT 2008  [error] RHS of #set statement is null. Context will not be modified. cssHorizontalMenu.vm [line 2, column 1]
Mon Jun 30 22:19:59 BRT 2008  [error] Left side ($count) of '==' operation has null value. If a reference, it may not be in the context. Operation not possible. cssHorizontalMenu.vm [line 9, column 23]
Mon Jun 30 22:19:59 BRT 2008  [error] Left side ($count) of '==' operation has null value. If a reference, it may not be in the context. Operation not possible. cssHorizontalMenu.vm [line 55, column 21]
Mon Jun 30 22:19:59 BRT 2008  [error] Left side ($count) of addition operation has null value. Operation not possible. cssHorizontalMenu.vm [line 2, column 28]
Mon Jun 30 22:19:59 BRT 2008  [error] RHS of #set statement is null. Context will not be modified. cssHorizontalMenu.vm [line 2, column 1]
Mon Jun 30 22:19:59 BRT 2008  [error] Left side ($count) of addition operation has null value. Operation not possible. cssHorizontalMenu.vm [line 2, column 28]
Mon Jun 30 22:19:59 BRT 2008  [error] RHS of #set statement is null. Context will not be modified. cssHorizontalMenu.vm [line 2, column 1]
Mon Jun 30 22:19:59 BRT 2008  [error] Left side ($count) of '==' operation has null value. If a reference, it may not be in the context. Operation not possible. cssHorizontalMenu.vm [line 9, column 23]
Mon Jun 30 22:19:59 BRT 2008  [error] Left side ($count) of '==' operation has null value. If a reference, it may not be in the context. Operation not possible. cssHorizontalMenu.vm [line 55, column 21]
Mon Jun 30 22:19:59 BRT 2008  [error] Left side ($count) of addition operation has null value. Operation not possible. cssHorizontalMenu.vm [line 2, column 28]
Mon Jun 30 22:19:59 BRT 2008  [error] RHS of #set statement is null. Context will not be modified. cssHorizontalMenu.vm [line 2, column 1]
Mon Jun 30 22:19:59 BRT 2008  [error] Left side ($count) of '==' operation has null value. If a reference, it may not be in the context. Operation not possible. cssHorizontalMenu.vm [line 9, column 23]
Mon Jun 30 22:19:59 BRT 2008  [error] Left side ($count) of '==' operation has null value. If a reference, it may not be in the context. Operation not possible. cssHorizontalMenu.vm [line 55, column 21]
Mon Jun 30 22:19:59 BRT 2008  [error] Left side ($count) of addition operation has null value. Operation not possible. cssHorizontalMenu.vm [line 2, column 28]
Mon Jun 30 22:19:59 BRT 2008  [error] RHS of #set statement is null. Context will not be modified. cssHorizontalMenu.vm [line 2, column 1]
Mon Jun 30 22:19:59 BRT 2008  [error] Left side ($count) of '==' operation has null value. If a reference, it may not be in the context. Operation not possible. cssHorizontalMenu.vm [line 9, column 23]
Mon Jun 30 22:19:59 BRT 2008  [error] Left side ($count) of '==' operation has null value. If a reference, it may not be in the context. Operation not possible. cssHorizontalMenu.vm [line 55, column 21]
Mon Jun 30 22:19:59 BRT 2008  [error] Left side ($count) of addition operation has null value. Operation not possible. cssHorizontalMenu.vm [line 2, column 28]
Mon Jun 30 22:19:59 BRT 2008  [error] RHS of #set statement is null. Context will not be modified. cssHorizontalMenu.vm [line 2, column 1]
Mon Jun 30 22:19:59 BRT 2008  [error] Left side ($count) of addition operation has null value. Operation not possible. cssHorizontalMenu.vm [line 2, column 28]
Mon Jun 30 22:19:59 BRT 2008  [error] RHS of #set statement is null. Context will not be modified. cssHorizontalMenu.vm [line 2, column 1]
Mon Jun 30 22:19:59 BRT 2008  [error] Left side ($count) of '==' operation has null value. If a reference, it may not be in the context. Operation not possible. cssHorizontalMenu.vm [line 9, column 23]
Mon Jun 30 22:19:59 BRT 2008  [error] Left side ($count) of '==' operation has null value. If a reference, it may not be in the context. Operation not possible. cssHorizontalMenu.vm [line 55, column 21]
Mon Jun 30 22:19:59 BRT 2008  [error] Left side ($count) of addition operation has null value. Operation not possible. cssHorizontalMenu.vm [line 2, column 28]
Mon Jun 30 22:19:59 BRT 2008  [error] RHS of #set statement is null. Context will not be modified. cssHorizontalMenu.vm [line 2, column 1]
Mon Jun 30 22:19:59 BRT 2008  [error] Left side ($count) of '==' operation has null value. If a reference, it may not be in the context. Operation not possible. cssHorizontalMenu.vm [line 9, column 23]
Mon Jun 30 22:19:59 BRT 2008  [error] Left side ($count) of '==' operation has null value. If a reference, it may not be in the context. Operation not possible. cssHorizontalMenu.vm [line 55, column 21]
Mon Jun 30 22:19:59 BRT 2008  [error] Left side ($count) of addition operation has null value. Operation not possible. cssHorizontalMenu.vm [line 2, column 28]
Mon Jun 30 22:19:59 BRT 2008  [error] RHS of #set statement is null. Context will not be modified. cssHorizontalMenu.vm [line 2, column 1]
Mon Jun 30 22:19:59 BRT 2008  [error] Left side ($count) of '==' operation has null value. If a reference, it may not be in the context. Operation not possible. cssHorizontalMenu.vm [line 9, column 23]
Mon Jun 30 22:19:59 BRT 2008  [error] Left side ($count) of '==' operation has null value. If a reference, it may not be in the context. Operation not possible. cssHorizontalMenu.vm [line 55, column 21]
Mon Jun 30 22:19:59 BRT 2008  [error] Left side ($count) of addition operation has null value. Operation not possible. cssHorizontalMenu.vm [line 2, column 28]
Mon Jun 30 22:19:59 BRT 2008  [error] RHS of #set statement is null. Context will not be modified. cssHorizontalMenu.vm [line 2, column 1]
Mon Jun 30 22:19:59 BRT 2008  [error] Left side ($count) of addition operation has null value. Operation not possible. cssHorizontalMenu.vm [line 2, column 28]
Mon Jun 30 22:19:59 BRT 2008  [error] RHS of #set statement is null. Context will not be modified. cssHorizontalMenu.vm [line 2, column 1]
Mon Jun 30 22:19:59 BRT 2008  [error] Left side ($count) of '==' operation has null value. If a reference, it may not be in the context. Operation not possible. cssHorizontalMenu.vm [line 9, column 23]
Mon Jun 30 22:19:59 BRT 2008  [error] Left side ($count) of '==' operation has null value. If a reference, it may not be in the context. Operation not possible. cssHorizontalMenu.vm [line 55, column 21]
Mon Jun 30 22:20:00 BRT 2008  [error] Left side ($count) of addition operation has null value. Operation not possible. cssHorizontalMenu.vm [line 2, column 28]
Mon Jun 30 22:20:00 BRT 2008  [error] RHS of #set statement is null. Context will not be modified. cssHorizontalMenu.vm [line 2, column 1]
Mon Jun 30 22:20:00 BRT 2008  [error] Left side ($count) of '==' operation has null value. If a reference, it may not be in the context. Operation not possible. cssHorizontalMenu.vm [line 9, column 23]
Mon Jun 30 22:20:00 BRT 2008  [error] Left side ($count) of '==' operation has null value. If a reference, it may not be in the context. Operation not possible. cssHorizontalMenu.vm [line 55, column 21]
Mon Jun 30 22:20:00 BRT 2008  [error] Left side ($count) of addition operation has null value. Operation not possible. cssHorizontalMenu.vm [line 2, column 28]
Mon Jun 30 22:20:00 BRT 2008  [error] RHS of #set statement is null. Context will not be modified. cssHorizontalMenu.vm [line 2, column 1]
Mon Jun 30 22:20:00 BRT 2008  [error] Left side ($count) of '==' operation has null value. If a reference, it may not be in the context. Operation not possible. cssHorizontalMenu.vm [line 9, column 23]
Mon Jun 30 22:20:00 BRT 2008  [error] Left side ($count) of '==' operation has null value. If a reference, it may not be in the context. Operation not possible. cssHorizontalMenu.vm [line 55, column 21]
Mon Jun 30 22:20:00 BRT 2008  [error] Left side ($count) of addition operation has null value. Operation not possible. cssHorizontalMenu.vm [line 2, column 28]
Mon Jun 30 22:20:00 BRT 2008  [error] RHS of #set statement is null. Context will not be modified. cssHorizontalMenu.vm [line 2, column 1]
Mon Jun 30 22:20:00 BRT 2008  [error] Left side ($count) of addition operation has null value. Operation not possible. cssHorizontalMenu.vm [line 2, column 28]
Mon Jun 30 22:20:00 BRT 2008  [error] RHS of #set statement is null. Context will not be modified. cssHorizontalMenu.vm [line 2, column 1]
Mon Jun 30 22:20:00 BRT 2008  [error] Left side ($count) of '==' operation has null value. If a reference, it may not be in the context. Operation not possible. cssHorizontalMenu.vm [line 9, column 23]
Mon Jun 30 22:20:00 BRT 2008  [error] Left side ($count) of '==' operation has null value. If a reference, it may not be in the context. Operation not possible. cssHorizontalMenu.vm [line 55, column 21]
Mon Jun 30 22:20:00 BRT 2008  [error] Left side ($count) of addition operation has null value. Operation not possible. cssHorizontalMenu.vm [line 2, column 28]
Mon Jun 30 22:20:00 BRT 2008  [error] RHS of #set statement is null. Context will not be modified. cssHorizontalMenu.vm [line 2, column 1]
Mon Jun 30 22:20:00 BRT 2008  [error] Left side ($count) of '==' operation has null value. If a reference, it may not be in the context. Operation not possible. cssHorizontalMenu.vm [line 9, column 23]
Mon Jun 30 22:20:00 BRT 2008  [error] Left side ($count) of '==' operation has null value. If a reference, it may not be in the context. Operation not possible. cssHorizontalMenu.vm [line 55, column 21]
Mon Jun 30 22:20:00 BRT 2008  [error] Left side ($count) of addition operation has null value. Operation not possible. cssHorizontalMenu.vm [line 2, column 28]
Mon Jun 30 22:20:00 BRT 2008  [error] RHS of #set statement is null. Context will not be modified. cssHorizontalMenu.vm [line 2, column 1]
Mon Jun 30 22:20:00 BRT 2008  [error] Left side ($count) of '==' operation has null value. If a reference, it may not be in the context. Operation not possible. cssHorizontalMenu.vm [line 9, column 23]
Mon Jun 30 22:20:00 BRT 2008  [error] Left side ($count) of '==' operation has null value. If a reference, it may not be in the context. Operation not possible. cssHorizontalMenu.vm [line 55, column 21]
Mon Jun 30 22:20:00 BRT 2008  [error] Left side ($count) of addition operation has null value. Operation not possible. cssHorizontalMenu.vm [line 2, column 28]
Mon Jun 30 22:20:00 BRT 2008  [error] RHS of #set statement is null. Context will not be modified. cssHorizontalMenu.vm [line 2, column 1]
Mon Jun 30 22:20:00 BRT 2008  [error] Left side ($count) of addition operation has null value. Operation not possible. cssHorizontalMenu.vm [line 2, column 28]
Mon Jun 30 22:20:00 BRT 2008  [error] RHS of #set statement is null. Context will not be modified. cssHorizontalMenu.vm [line 2, column 1]
Mon Jun 30 22:20:00 BRT 2008  [error] Left side ($count) of '==' operation has null value. If a reference, it may not be in the context. Operation not possible. cssHorizontalMenu.vm [line 9, column 23]
Mon Jun 30 22:20:00 BRT 2008  [error] Left side ($count) of '==' operation has null value. If a reference, it may not be in the context. Operation not possible. cssHorizontalMenu.vm [line 55, column 21]
Mon Jun 30 22:20:00 BRT 2008  [error] Left side ($count) of addition operation has null value. Operation not possible. cssHorizontalMenu.vm [line 2, column 28]
Mon Jun 30 22:20:00 BRT 2008  [error] RHS of #set statement is null. Context will not be modified. cssHorizontalMenu.vm [line 2, column 1]
Mon Jun 30 22:20:00 BRT 2008  [error] Left side ($count) of '==' operation has null value. If a reference, it may not be in the context. Operation not possible. cssHorizontalMenu.vm [line 9, column 23]
Mon Jun 30 22:20:00 BRT 2008  [error] Left side ($count) of '==' operation has null value. If a reference, it may not be in the context. Operation not possible. cssHorizontalMenu.vm [line 55, column 21]
Mon Jun 30 22:20:00 BRT 2008  [error] Left side ($count) of addition operation has null value. Operation not possible. cssHorizontalMenu.vm [line 2, column 28]
Mon Jun 30 22:20:00 BRT 2008  [error] RHS of #set statement is null. Context will not be modified. cssHorizontalMenu.vm [line 2, column 1]
Mon Jun 30 22:20:00 BRT 2008  [error] Left side ($count) of '==' operation has null value. If a reference, it may not be in the context. Operation not possible. cssHorizontalMenu.vm [line 9, column 23]
Mon Jun 30 22:20:00 BRT 2008  [error] Left side ($count) of '==' operation has null value. If a reference, it may not be in the context. Operation not possible. cssHorizontalMenu.vm [line 55, column 21]
Mon Jun 30 22:20:00 BRT 2008  [error] Left side ($count) of addition operation has null value. Operation not possible. cssHorizontalMenu.vm [line 2, column 28]
Mon Jun 30 22:20:00 BRT 2008  [error] RHS of #set statement is null. Context will not be modified. cssHorizontalMenu.vm [line 2, column 1]
Mon Jun 30 22:20:00 BRT 2008  [error] Left side ($count) of addition operation has null value. Operation not possible. cssHorizontalMenu.vm [line 2, column 28]
Mon Jun 30 22:20:00 BRT 2008  [error] RHS of #set statement is null. Context will not be modified. cssHorizontalMenu.vm [line 2, column 1]
Mon Jun 30 22:20:00 BRT 2008  [error] Left side ($count) of '==' operation has null value. If a reference, it may not be in the context. Operation not possible. cssHorizontalMenu.vm [line 9, column 23]
Mon Jun 30 22:20:00 BRT 2008  [error] Left side ($count) of '==' operation has null value. If a reference, it may not be in the context. Operation not possible. cssHorizontalMenu.vm [line 55, column 21]
